<?xml version="1.0" encoding="UTF-8"?>
<testsuite xmlns:xsi="http://www.w3.org/2001/XMLSchema-instance" xsi:noNamespaceSchemaLocation="https://maven.apache.org/surefire/maven-surefire-plugin/xsd/surefire-test-report.xsd" version="3.0.2" name="com.example.demo.integration.EmailTemplateSystemIntegrationTest" time="0.982" tests="10" errors="0" skipped="0" failures="0">
  <properties>
    <property name="java.specification.version" value="21"/>
    <property name="sun.cpu.isalist" value="amd64"/>
    <property name="sun.jnu.encoding" value="Cp1252"/>
    <property name="java.class.path" value="C:\xampp\htdocs\Adoptafacil\AdoptaFacil\mail-service\target\test-classes;C:\xampp\htdocs\Adoptafacil\AdoptaFacil\mail-service\target\classes;C:\Users\braya\.m2\repository\org\springframework\boot\spring-boot-starter-web\3.4.0\spring-boot-starter-web-3.4.0.jar;C:\Users\braya\.m2\repository\org\springframework\boot\spring-boot-starter\3.4.0\spring-boot-starter-3.4.0.jar;C:\Users\braya\.m2\repository\org\springframework\boot\spring-boot\3.4.0\spring-boot-3.4.0.jar;C:\Users\braya\.m2\repository\org\springframework\boot\spring-boot-autoconfigure\3.4.0\spring-boot-autoconfigure-3.4.0.jar;C:\Users\braya\.m2\repository\org\springframework\boot\spring-boot-starter-logging\3.4.0\spring-boot-starter-logging-3.4.0.jar;C:\Users\braya\.m2\repository\ch\qos\logback\logback-classic\1.5.12\logback-classic-1.5.12.jar;C:\Users\braya\.m2\repository\ch\qos\logback\logback-core\1.5.12\logback-core-1.5.12.jar;C:\Users\braya\.m2\repository\org\apache\logging\log4j\log4j-to-slf4j\2.24.1\log4j-to-slf4j-2.24.1.jar;C:\Users\braya\.m2\repository\org\apache\logging\log4j\log4j-api\2.24.1\log4j-api-2.24.1.jar;C:\Users\braya\.m2\repository\org\slf4j\jul-to-slf4j\2.0.16\jul-to-slf4j-2.0.16.jar;C:\Users\braya\.m2\repository\jakarta\annotation\jakarta.annotation-api\2.1.1\jakarta.annotation-api-2.1.1.jar;C:\Users\braya\.m2\repository\org\yaml\snakeyaml\2.3\snakeyaml-2.3.jar;C:\Users\braya\.m2\repository\org\springframework\boot\spring-boot-starter-json\3.4.0\spring-boot-starter-json-3.4.0.jar;C:\Users\braya\.m2\repository\com\fasterxml\jackson\core\jackson-databind\2.18.1\jackson-databind-2.18.1.jar;C:\Users\braya\.m2\repository\com\fasterxml\jackson\core\jackson-annotations\2.18.1\jackson-annotations-2.18.1.jar;C:\Users\braya\.m2\repository\com\fasterxml\jackson\core\jackson-core\2.18.1\jackson-core-2.18.1.jar;C:\Users\braya\.m2\repository\com\fasterxml\jackson\datatype\jackson-datatype-jdk8\2.18.1\jackson-datatype-jdk8-2.18.1.jar;C:\Users\braya\.m2\repository\com\fasterxml\jackson\datatype\jackson-datatype-jsr310\2.18.1\jackson-datatype-jsr310-2.18.1.jar;C:\Users\braya\.m2\repository\com\fasterxml\jackson\module\jackson-module-parameter-names\2.18.1\jackson-module-parameter-names-2.18.1.jar;C:\Users\braya\.m2\repository\org\springframework\boot\spring-boot-starter-tomcat\3.4.0\spring-boot-starter-tomcat-3.4.0.jar;C:\Users\braya\.m2\repository\org\apache\tomcat\embed\tomcat-embed-core\10.1.33\tomcat-embed-core-10.1.33.jar;C:\Users\braya\.m2\repository\org\apache\tomcat\embed\tomcat-embed-websocket\10.1.33\tomcat-embed-websocket-10.1.33.jar;C:\Users\braya\.m2\repository\org\springframework\spring-web\6.2.0\spring-web-6.2.0.jar;C:\Users\braya\.m2\repository\org\springframework\spring-beans\6.2.0\spring-beans-6.2.0.jar;C:\Users\braya\.m2\repository\io\micrometer\micrometer-observation\1.14.1\micrometer-observation-1.14.1.jar;C:\Users\braya\.m2\repository\io\micrometer\micrometer-commons\1.14.1\micrometer-commons-1.14.1.jar;C:\Users\braya\.m2\repository\org\springframework\spring-webmvc\6.2.0\spring-webmvc-6.2.0.jar;C:\Users\braya\.m2\repository\org\springframework\spring-aop\6.2.0\spring-aop-6.2.0.jar;C:\Users\braya\.m2\repository\org\springframework\spring-context\6.2.0\spring-context-6.2.0.jar;C:\Users\braya\.m2\repository\org\springframework\spring-expression\6.2.0\spring-expression-6.2.0.jar;C:\Users\braya\.m2\repository\org\springframework\boot\spring-boot-starter-mail\3.4.0\spring-boot-starter-mail-3.4.0.jar;C:\Users\braya\.m2\repository\org\springframework\spring-context-support\6.2.0\spring-context-support-6.2.0.jar;C:\Users\braya\.m2\repository\org\eclipse\angus\jakarta.mail\2.0.3\jakarta.mail-2.0.3.jar;C:\Users\braya\.m2\repository\jakarta\activation\jakarta.activation-api\2.1.3\jakarta.activation-api-2.1.3.jar;C:\Users\braya\.m2\repository\org\eclipse\angus\angus-activation\2.0.2\angus-activation-2.0.2.jar;C:\Users\braya\.m2\repository\org\springframework\boot\spring-boot-starter-validation\3.4.0\spring-boot-starter-validation-3.4.0.jar;C:\Users\braya\.m2\repository\org\apache\tomcat\embed\tomcat-embed-el\10.1.33\tomcat-embed-el-10.1.33.jar;C:\Users\braya\.m2\repository\org\hibernate\validator\hibernate-validator\8.0.1.Final\hibernate-validator-8.0.1.Final.jar;C:\Users\braya\.m2\repository\jakarta\validation\jakarta.validation-api\3.0.2\jakarta.validation-api-3.0.2.jar;C:\Users\braya\.m2\repository\org\jboss\logging\jboss-logging\3.6.1.Final\jboss-logging-3.6.1.Final.jar;C:\Users\braya\.m2\repository\com\fasterxml\classmate\1.7.0\classmate-1.7.0.jar;C:\Users\braya\.m2\repository\org\springframework\boot\spring-boot-starter-test\3.4.0\spring-boot-starter-test-3.4.0.jar;C:\Users\braya\.m2\repository\org\springframework\boot\spring-boot-test\3.4.0\spring-boot-test-3.4.0.jar;C:\Users\braya\.m2\repository\org\springframework\boot\spring-boot-test-autoconfigure\3.4.0\spring-boot-test-autoconfigure-3.4.0.jar;C:\Users\braya\.m2\repository\com\jayway\jsonpath\json-path\2.9.0\json-path-2.9.0.jar;C:\Users\braya\.m2\repository\org\slf4j\slf4j-api\2.0.16\slf4j-api-2.0.16.jar;C:\Users\braya\.m2\repository\jakarta\xml\bind\jakarta.xml.bind-api\4.0.2\jakarta.xml.bind-api-4.0.2.jar;C:\Users\braya\.m2\repository\net\minidev\json-smart\2.5.1\json-smart-2.5.1.jar;C:\Users\braya\.m2\repository\net\minidev\accessors-smart\2.5.1\accessors-smart-2.5.1.jar;C:\Users\braya\.m2\repository\org\ow2\asm\asm\9.6\asm-9.6.jar;C:\Users\braya\.m2\repository\org\assertj\assertj-core\3.26.3\assertj-core-3.26.3.jar;C:\Users\braya\.m2\repository\net\bytebuddy\byte-buddy\1.15.10\byte-buddy-1.15.10.jar;C:\Users\braya\.m2\repository\org\awaitility\awaitility\4.2.2\awaitility-4.2.2.jar;C:\Users\braya\.m2\repository\org\hamcrest\hamcrest\2.2\hamcrest-2.2.jar;C:\Users\braya\.m2\repository\org\junit\jupiter\junit-jupiter\5.11.3\junit-jupiter-5.11.3.jar;C:\Users\braya\.m2\repository\org\junit\jupiter\junit-jupiter-api\5.11.3\junit-jupiter-api-5.11.3.jar;C:\Users\braya\.m2\repository\org\opentest4j\opentest4j\1.3.0\opentest4j-1.3.0.jar;C:\Users\braya\.m2\repository\org\junit\platform\junit-platform-commons\1.11.3\junit-platform-commons-1.11.3.jar;C:\Users\braya\.m2\repository\org\apiguardian\apiguardian-api\1.1.2\apiguardian-api-1.1.2.jar;C:\Users\braya\.m2\repository\org\junit\jupiter\junit-jupiter-params\5.11.3\junit-jupiter-params-5.11.3.jar;C:\Users\braya\.m2\repository\org\junit\jupiter\junit-jupiter-engine\5.11.3\junit-jupiter-engine-5.11.3.jar;C:\Users\braya\.m2\repository\org\junit\platform\junit-platform-engine\1.11.3\junit-platform-engine-1.11.3.jar;C:\Users\braya\.m2\repository\org\mockito\mockito-core\5.14.2\mockito-core-5.14.2.jar;C:\Users\braya\.m2\repository\net\bytebuddy\byte-buddy-agent\1.15.10\byte-buddy-agent-1.15.10.jar;C:\Users\braya\.m2\repository\org\objenesis\objenesis\3.3\objenesis-3.3.jar;C:\Users\braya\.m2\repository\org\mockito\mockito-junit-jupiter\5.14.2\mockito-junit-jupiter-5.14.2.jar;C:\Users\braya\.m2\repository\org\skyscreamer\jsonassert\1.5.3\jsonassert-1.5.3.jar;C:\Users\braya\.m2\repository\com\vaadin\external\google\android-json\0.0.20131108.vaadin1\android-json-0.0.20131108.vaadin1.jar;C:\Users\braya\.m2\repository\org\springframework\spring-core\6.2.0\spring-core-6.2.0.jar;C:\Users\braya\.m2\repository\org\springframework\spring-jcl\6.2.0\spring-jcl-6.2.0.jar;C:\Users\braya\.m2\repository\org\springframework\spring-test\6.2.0\spring-test-6.2.0.jar;C:\Users\braya\.m2\repository\org\xmlunit\xmlunit-core\2.10.0\xmlunit-core-2.10.0.jar;"/>
    <property name="java.vm.vendor" value="Oracle Corporation"/>
    <property name="sun.arch.data.model" value="64"/>
    <property name="user.variant" value=""/>
    <property name="java.vendor.url" value="https://java.oracle.com/"/>
    <property name="user.timezone" value="America/Bogota"/>
    <property name="org.jboss.logging.provider" value="slf4j"/>
    <property name="os.name" value="Windows 11"/>
    <property name="java.vm.specification.version" value="21"/>
    <property name="sun.java.launcher" value="SUN_STANDARD"/>
    <property name="user.country" value="CO"/>
    <property name="sun.boot.library.path" value="C:\Program Files\Java\jdk-21\bin"/>
    <property name="sun.java.command" value="C:\Users\braya\AppData\Local\Temp\surefire18347451746542592298\surefirebooter-20251025080813853_3.jar C:\Users\braya\AppData\Local\Temp\surefire18347451746542592298 2025-10-25T08-08-13_465-jvmRun1 surefire-20251025080813853_1tmp surefire_0-20251025080813853_2tmp"/>
    <property name="jdk.debug" value="release"/>
    <property name="surefire.test.class.path" value="C:\xampp\htdocs\Adoptafacil\AdoptaFacil\mail-service\target\test-classes;C:\xampp\htdocs\Adoptafacil\AdoptaFacil\mail-service\target\classes;C:\Users\braya\.m2\repository\org\springframework\boot\spring-boot-starter-web\3.4.0\spring-boot-starter-web-3.4.0.jar;C:\Users\braya\.m2\repository\org\springframework\boot\spring-boot-starter\3.4.0\spring-boot-starter-3.4.0.jar;C:\Users\braya\.m2\repository\org\springframework\boot\spring-boot\3.4.0\spring-boot-3.4.0.jar;C:\Users\braya\.m2\repository\org\springframework\boot\spring-boot-autoconfigure\3.4.0\spring-boot-autoconfigure-3.4.0.jar;C:\Users\braya\.m2\repository\org\springframework\boot\spring-boot-starter-logging\3.4.0\spring-boot-starter-logging-3.4.0.jar;C:\Users\braya\.m2\repository\ch\qos\logback\logback-classic\1.5.12\logback-classic-1.5.12.jar;C:\Users\braya\.m2\repository\ch\qos\logback\logback-core\1.5.12\logback-core-1.5.12.jar;C:\Users\braya\.m2\repository\org\apache\logging\log4j\log4j-to-slf4j\2.24.1\log4j-to-slf4j-2.24.1.jar;C:\Users\braya\.m2\repository\org\apache\logging\log4j\log4j-api\2.24.1\log4j-api-2.24.1.jar;C:\Users\braya\.m2\repository\org\slf4j\jul-to-slf4j\2.0.16\jul-to-slf4j-2.0.16.jar;C:\Users\braya\.m2\repository\jakarta\annotation\jakarta.annotation-api\2.1.1\jakarta.annotation-api-2.1.1.jar;C:\Users\braya\.m2\repository\org\yaml\snakeyaml\2.3\snakeyaml-2.3.jar;C:\Users\braya\.m2\repository\org\springframework\boot\spring-boot-starter-json\3.4.0\spring-boot-starter-json-3.4.0.jar;C:\Users\braya\.m2\repository\com\fasterxml\jackson\core\jackson-databind\2.18.1\jackson-databind-2.18.1.jar;C:\Users\braya\.m2\repository\com\fasterxml\jackson\core\jackson-annotations\2.18.1\jackson-annotations-2.18.1.jar;C:\Users\braya\.m2\repository\com\fasterxml\jackson\core\jackson-core\2.18.1\jackson-core-2.18.1.jar;C:\Users\braya\.m2\repository\com\fasterxml\jackson\datatype\jackson-datatype-jdk8\2.18.1\jackson-datatype-jdk8-2.18.1.jar;C:\Users\braya\.m2\repository\com\fasterxml\jackson\datatype\jackson-datatype-jsr310\2.18.1\jackson-datatype-jsr310-2.18.1.jar;C:\Users\braya\.m2\repository\com\fasterxml\jackson\module\jackson-module-parameter-names\2.18.1\jackson-module-parameter-names-2.18.1.jar;C:\Users\braya\.m2\repository\org\springframework\boot\spring-boot-starter-tomcat\3.4.0\spring-boot-starter-tomcat-3.4.0.jar;C:\Users\braya\.m2\repository\org\apache\tomcat\embed\tomcat-embed-core\10.1.33\tomcat-embed-core-10.1.33.jar;C:\Users\braya\.m2\repository\org\apache\tomcat\embed\tomcat-embed-websocket\10.1.33\tomcat-embed-websocket-10.1.33.jar;C:\Users\braya\.m2\repository\org\springframework\spring-web\6.2.0\spring-web-6.2.0.jar;C:\Users\braya\.m2\repository\org\springframework\spring-beans\6.2.0\spring-beans-6.2.0.jar;C:\Users\braya\.m2\repository\io\micrometer\micrometer-observation\1.14.1\micrometer-observation-1.14.1.jar;C:\Users\braya\.m2\repository\io\micrometer\micrometer-commons\1.14.1\micrometer-commons-1.14.1.jar;C:\Users\braya\.m2\repository\org\springframework\spring-webmvc\6.2.0\spring-webmvc-6.2.0.jar;C:\Users\braya\.m2\repository\org\springframework\spring-aop\6.2.0\spring-aop-6.2.0.jar;C:\Users\braya\.m2\repository\org\springframework\spring-context\6.2.0\spring-context-6.2.0.jar;C:\Users\braya\.m2\repository\org\springframework\spring-expression\6.2.0\spring-expression-6.2.0.jar;C:\Users\braya\.m2\repository\org\springframework\boot\spring-boot-starter-mail\3.4.0\spring-boot-starter-mail-3.4.0.jar;C:\Users\braya\.m2\repository\org\springframework\spring-context-support\6.2.0\spring-context-support-6.2.0.jar;C:\Users\braya\.m2\repository\org\eclipse\angus\jakarta.mail\2.0.3\jakarta.mail-2.0.3.jar;C:\Users\braya\.m2\repository\jakarta\activation\jakarta.activation-api\2.1.3\jakarta.activation-api-2.1.3.jar;C:\Users\braya\.m2\repository\org\eclipse\angus\angus-activation\2.0.2\angus-activation-2.0.2.jar;C:\Users\braya\.m2\repository\org\springframework\boot\spring-boot-starter-validation\3.4.0\spring-boot-starter-validation-3.4.0.jar;C:\Users\braya\.m2\repository\org\apache\tomcat\embed\tomcat-embed-el\10.1.33\tomcat-embed-el-10.1.33.jar;C:\Users\braya\.m2\repository\org\hibernate\validator\hibernate-validator\8.0.1.Final\hibernate-validator-8.0.1.Final.jar;C:\Users\braya\.m2\repository\jakarta\validation\jakarta.validation-api\3.0.2\jakarta.validation-api-3.0.2.jar;C:\Users\braya\.m2\repository\org\jboss\logging\jboss-logging\3.6.1.Final\jboss-logging-3.6.1.Final.jar;C:\Users\braya\.m2\repository\com\fasterxml\classmate\1.7.0\classmate-1.7.0.jar;C:\Users\braya\.m2\repository\org\springframework\boot\spring-boot-starter-test\3.4.0\spring-boot-starter-test-3.4.0.jar;C:\Users\braya\.m2\repository\org\springframework\boot\spring-boot-test\3.4.0\spring-boot-test-3.4.0.jar;C:\Users\braya\.m2\repository\org\springframework\boot\spring-boot-test-autoconfigure\3.4.0\spring-boot-test-autoconfigure-3.4.0.jar;C:\Users\braya\.m2\repository\com\jayway\jsonpath\json-path\2.9.0\json-path-2.9.0.jar;C:\Users\braya\.m2\repository\org\slf4j\slf4j-api\2.0.16\slf4j-api-2.0.16.jar;C:\Users\braya\.m2\repository\jakarta\xml\bind\jakarta.xml.bind-api\4.0.2\jakarta.xml.bind-api-4.0.2.jar;C:\Users\braya\.m2\repository\net\minidev\json-smart\2.5.1\json-smart-2.5.1.jar;C:\Users\braya\.m2\repository\net\minidev\accessors-smart\2.5.1\accessors-smart-2.5.1.jar;C:\Users\braya\.m2\repository\org\ow2\asm\asm\9.6\asm-9.6.jar;C:\Users\braya\.m2\repository\org\assertj\assertj-core\3.26.3\assertj-core-3.26.3.jar;C:\Users\braya\.m2\repository\net\bytebuddy\byte-buddy\1.15.10\byte-buddy-1.15.10.jar;C:\Users\braya\.m2\repository\org\awaitility\awaitility\4.2.2\awaitility-4.2.2.jar;C:\Users\braya\.m2\repository\org\hamcrest\hamcrest\2.2\hamcrest-2.2.jar;C:\Users\braya\.m2\repository\org\junit\jupiter\junit-jupiter\5.11.3\junit-jupiter-5.11.3.jar;C:\Users\braya\.m2\repository\org\junit\jupiter\junit-jupiter-api\5.11.3\junit-jupiter-api-5.11.3.jar;C:\Users\braya\.m2\repository\org\opentest4j\opentest4j\1.3.0\opentest4j-1.3.0.jar;C:\Users\braya\.m2\repository\org\junit\platform\junit-platform-commons\1.11.3\junit-platform-commons-1.11.3.jar;C:\Users\braya\.m2\repository\org\apiguardian\apiguardian-api\1.1.2\apiguardian-api-1.1.2.jar;C:\Users\braya\.m2\repository\org\junit\jupiter\junit-jupiter-params\5.11.3\junit-jupiter-params-5.11.3.jar;C:\Users\braya\.m2\repository\org\junit\jupiter\junit-jupiter-engine\5.11.3\junit-jupiter-engine-5.11.3.jar;C:\Users\braya\.m2\repository\org\junit\platform\junit-platform-engine\1.11.3\junit-platform-engine-1.11.3.jar;C:\Users\braya\.m2\repository\org\mockito\mockito-core\5.14.2\mockito-core-5.14.2.jar;C:\Users\braya\.m2\repository\net\bytebuddy\byte-buddy-agent\1.15.10\byte-buddy-agent-1.15.10.jar;C:\Users\braya\.m2\repository\org\objenesis\objenesis\3.3\objenesis-3.3.jar;C:\Users\braya\.m2\repository\org\mockito\mockito-junit-jupiter\5.14.2\mockito-junit-jupiter-5.14.2.jar;C:\Users\braya\.m2\repository\org\skyscreamer\jsonassert\1.5.3\jsonassert-1.5.3.jar;C:\Users\braya\.m2\repository\com\vaadin\external\google\android-json\0.0.20131108.vaadin1\android-json-0.0.20131108.vaadin1.jar;C:\Users\braya\.m2\repository\org\springframework\spring-core\6.2.0\spring-core-6.2.0.jar;C:\Users\braya\.m2\repository\org\springframework\spring-jcl\6.2.0\spring-jcl-6.2.0.jar;C:\Users\braya\.m2\repository\org\springframework\spring-test\6.2.0\spring-test-6.2.0.jar;C:\Users\braya\.m2\repository\org\xmlunit\xmlunit-core\2.10.0\xmlunit-core-2.10.0.jar;"/>
    <property name="sun.cpu.endian" value="little"/>
    <property name="user.home" value="C:\Users\braya"/>
    <property name="user.language" value="es"/>
    <property name="java.specification.vendor" value="Oracle Corporation"/>
    <property name="java.version.date" value="2025-07-15"/>
    <property name="java.home" value="C:\Program Files\Java\jdk-21"/>
    <property name="file.separator" value="\"/>
    <property name="basedir" value="C:\xampp\htdocs\Adoptafacil\AdoptaFacil\mail-service"/>
    <property name="java.vm.compressedOopsMode" value="Zero based"/>
    <property name="line.separator" value="&#10;"/>
    <property name="java.vm.specification.vendor" value="Oracle Corporation"/>
    <property name="java.specification.name" value="Java Platform API Specification"/>
    <property name="FILE_LOG_CHARSET" value="UTF-8"/>
    <property name="java.awt.headless" value="true"/>
    <property name="surefire.real.class.path" value="C:\Users\braya\AppData\Local\Temp\surefire18347451746542592298\surefirebooter-20251025080813853_3.jar"/>
    <property name="user.script" value=""/>
    <property name="sun.management.compiler" value="HotSpot 64-Bit Tiered Compilers"/>
    <property name="java.runtime.version" value="21.0.8+12-LTS-250"/>
    <property name="user.name" value="braya"/>
    <property name="stdout.encoding" value="Cp1252"/>
    <property name="path.separator" value=";"/>
    <property name="os.version" value="10.0"/>
    <property name="java.runtime.name" value="Java(TM) SE Runtime Environment"/>
    <property name="file.encoding" value="UTF-8"/>
    <property name="java.vm.name" value="Java HotSpot(TM) 64-Bit Server VM"/>
    <property name="localRepository" value="C:\Users\braya\.m2\repository"/>
    <property name="java.vendor.url.bug" value="https://bugreport.java.com/bugreport/"/>
    <property name="java.io.tmpdir" value="C:\Users\braya\AppData\Local\Temp\"/>
    <property name="java.version" value="21.0.8"/>
    <property name="user.dir" value="C:\xampp\htdocs\Adoptafacil\AdoptaFacil\mail-service"/>
    <property name="os.arch" value="amd64"/>
    <property name="java.vm.specification.name" value="Java Virtual Machine Specification"/>
    <property name="PID" value="15780"/>
    <property name="sun.os.patch.level" value=""/>
    <property name="CONSOLE_LOG_CHARSET" value="UTF-8"/>
    <property name="native.encoding" value="Cp1252"/>
    <property name="java.library.path" value="C:\Program Files\Java\jdk-21\bin;C:\WINDOWS\Sun\Java\bin;C:\WINDOWS\system32;C:\WINDOWS;C:\Program Files\Common Files\Oracle\Java\javapath;C:\Python313\Scripts\;C:\Python313\;C:\WINDOWS\system32;C:\WINDOWS;C:\WINDOWS\System32\Wbem;C:\WINDOWS\System32\WindowsPowerShell\v1.0\;C:\WINDOWS\System32\OpenSSH\;C:\ProgramData\chocolatey\bin;C:\maven\bin;C:\Program Files\Java\jdk-21\bin;C:\php84;C:\xampp\php;C:\composer;C:\Program Files\Git\cmd;C:\Users\braya\AppData\Local\nvm;C:\nvm4w\nodejs;C:\Users\braya\AppData\Local\Microsoft\WindowsApps;C:\Users\braya\AppData\Local\Programs\Microsoft VS Code\bin;C:\Program Files\JetBrains\IntelliJ IDEA 2025.2.1\bin;C:\Program Files\Java\jdk-21;C:\maven;C:\composer;C:\php84;C:\Users\braya\AppData\Roaming\npm;C:\Users\braya\AppData\Local\nvm;C:\nvm4w\nodejs;c:\Users\braya\AppData\Roaming\Code\User\globalStorage\github.copilot-chat\debugCommand;."/>
    <property name="java.vm.info" value="mixed mode, sharing"/>
    <property name="stderr.encoding" value="Cp1252"/>
    <property name="java.vendor" value="Oracle Corporation"/>
    <property name="java.vm.version" value="21.0.8+12-LTS-250"/>
    <property name="sun.io.unicode.encoding" value="UnicodeLittle"/>
    <property name="java.class.version" value="65.0"/>
  </properties>
  <testcase name="findAllActive_ShouldReturnOnlyActiveTemplates" classname="com.example.demo.integration.EmailTemplateSystemIntegrationTest" time="0.028">
    <system-out><![CDATA[2025-10-25T08:08:33.258-05:00  INFO 15780 --- [           main] t.c.s.AnnotationConfigContextLoaderUtils : Could not detect default configuration classes for test class [com.example.demo.integration.EmailTemplateSystemIntegrationTest]: EmailTemplateSystemIntegrationTest does not declare any static, non-private, non-final, nested classes annotated with @Configuration.
2025-10-25T08:08:33.317-05:00  INFO 15780 --- [           main] .b.t.c.SpringBootTestContextBootstrapper : Found @SpringBootConfiguration com.example.demo.DemoApplication for test class com.example.demo.integration.EmailTemplateSystemIntegrationTest

  .   ____          _            __ _ _
 /\\ / ___'_ __ _ _(_)_ __  __ _ \ \ \ \
( ( )\___ | '_ | '_| | '_ \/ _` | \ \ \ \
 \\/  ___)| |_)| | | | | || (_| |  ) ) ) )
  '  |____| .__|_| |_|_| |_\__, | / / / /
 =========|_|==============|___/=/_/_/_/

 :: Spring Boot ::                (v3.4.0)

2025-10-25T08:08:33.386-05:00  INFO 15780 --- [           main] e.d.i.EmailTemplateSystemIntegrationTest : Starting EmailTemplateSystemIntegrationTest using Java 21.0.8 with PID 15780 (started by braya in C:\xampp\htdocs\Adoptafacil\AdoptaFacil\mail-service)
2025-10-25T08:08:33.386-05:00  INFO 15780 --- [           main] e.d.i.EmailTemplateSystemIntegrationTest : The following 1 profile is active: "test"
2025-10-25T08:08:34.067-05:00  INFO 15780 --- [           main] e.d.i.EmailTemplateSystemIntegrationTest : Started EmailTemplateSystemIntegrationTest in 0.738 seconds (process running for 19.703)
2025-10-25T08:08:34.067-05:00  INFO 15780 --- [           main] c.e.demo.seeder.EmailTemplateSeeder      : Plantilla de bienvenida creada exitosamente
2025-10-25T08:08:34.067-05:00  INFO 15780 --- [           main] c.e.demo.seeder.EmailTemplateSeeder      : Plantilla de recuperación creada exitosamente
2025-10-25T08:08:34.067-05:00  INFO 15780 --- [           main] c.e.demo.seeder.EmailTemplateSeeder      : Plantilla de notificación creada exitosamente
2025-10-25T08:08:34.067-05:00  INFO 15780 --- [           main] c.e.demo.seeder.EmailTemplateSeeder      : Seeding completado. Plantillas activas: 3 
2025-10-25T08:08:34.074-05:00  INFO 15780 --- [           main] c.e.demo.seeder.EmailTemplateSeeder      : Plantilla de bienvenida creada exitosamente
2025-10-25T08:08:34.074-05:00  INFO 15780 --- [           main] c.e.demo.seeder.EmailTemplateSeeder      : Plantilla de recuperación creada exitosamente
2025-10-25T08:08:34.074-05:00  INFO 15780 --- [           main] c.e.demo.seeder.EmailTemplateSeeder      : Plantilla de notificación creada exitosamente
2025-10-25T08:08:34.074-05:00  INFO 15780 --- [           main] c.e.demo.seeder.EmailTemplateSeeder      : Seeding completado. Plantillas activas: 3 
]]></system-out>
  </testcase>
  <testcase name="seeder_ShouldInitializeAllTemplates" classname="com.example.demo.integration.EmailTemplateSystemIntegrationTest" time="0.008">
    <system-out><![CDATA[2025-10-25T08:08:34.112-05:00  INFO 15780 --- [           main] c.e.demo.seeder.EmailTemplateSeeder      : Plantilla de bienvenida creada exitosamente
2025-10-25T08:08:34.114-05:00  INFO 15780 --- [           main] c.e.demo.seeder.EmailTemplateSeeder      : Plantilla de recuperación creada exitosamente
2025-10-25T08:08:34.114-05:00  INFO 15780 --- [           main] c.e.demo.seeder.EmailTemplateSeeder      : Plantilla de notificación creada exitosamente
2025-10-25T08:08:34.114-05:00  INFO 15780 --- [           main] c.e.demo.seeder.EmailTemplateSeeder      : Seeding completado. Plantillas activas: 3 
]]></system-out>
  </testcase>
  <testcase name="welcomeTemplate_ShouldProcessWithPlaceholders" classname="com.example.demo.integration.EmailTemplateSystemIntegrationTest" time="0.02">
    <system-out><![CDATA[2025-10-25T08:08:34.129-05:00  INFO 15780 --- [           main] c.e.demo.seeder.EmailTemplateSeeder      : Plantilla de bienvenida creada exitosamente
2025-10-25T08:08:34.129-05:00  INFO 15780 --- [           main] c.e.demo.seeder.EmailTemplateSeeder      : Plantilla de recuperación creada exitosamente
2025-10-25T08:08:34.129-05:00  INFO 15780 --- [           main] c.e.demo.seeder.EmailTemplateSeeder      : Plantilla de notificación creada exitosamente
2025-10-25T08:08:34.131-05:00  INFO 15780 --- [           main] c.e.demo.seeder.EmailTemplateSeeder      : Seeding completado. Plantillas activas: 3 
]]></system-out>
  </testcase>
  <testcase name="notificationTemplate_ShouldProcessWithCustomMessage" classname="com.example.demo.integration.EmailTemplateSystemIntegrationTest" time="0.017">
    <system-out><![CDATA[2025-10-25T08:08:34.151-05:00  INFO 15780 --- [           main] c.e.demo.seeder.EmailTemplateSeeder      : Plantilla de bienvenida creada exitosamente
2025-10-25T08:08:34.152-05:00  INFO 15780 --- [           main] c.e.demo.seeder.EmailTemplateSeeder      : Plantilla de recuperación creada exitosamente
2025-10-25T08:08:34.152-05:00  INFO 15780 --- [           main] c.e.demo.seeder.EmailTemplateSeeder      : Plantilla de notificación creada exitosamente
2025-10-25T08:08:34.154-05:00  INFO 15780 --- [           main] c.e.demo.seeder.EmailTemplateSeeder      : Seeding completado. Plantillas activas: 3 
]]></system-out>
  </testcase>
  <testcase name="templates_ShouldBeResponsive" classname="com.example.demo.integration.EmailTemplateSystemIntegrationTest" time="0.013">
    <system-out><![CDATA[2025-10-25T08:08:34.169-05:00  INFO 15780 --- [           main] c.e.demo.seeder.EmailTemplateSeeder      : Plantilla de bienvenida creada exitosamente
2025-10-25T08:08:34.169-05:00  INFO 15780 --- [           main] c.e.demo.seeder.EmailTemplateSeeder      : Plantilla de recuperación creada exitosamente
2025-10-25T08:08:34.169-05:00  INFO 15780 --- [           main] c.e.demo.seeder.EmailTemplateSeeder      : Plantilla de notificación creada exitosamente
2025-10-25T08:08:34.169-05:00  INFO 15780 --- [           main] c.e.demo.seeder.EmailTemplateSeeder      : Seeding completado. Plantillas activas: 3 
]]></system-out>
  </testcase>
  <testcase name="templates_ShouldContainValidHtml" classname="com.example.demo.integration.EmailTemplateSystemIntegrationTest" time="0.009">
    <system-out><![CDATA[2025-10-25T08:08:34.184-05:00  INFO 15780 --- [           main] c.e.demo.seeder.EmailTemplateSeeder      : Plantilla de bienvenida creada exitosamente
2025-10-25T08:08:34.184-05:00  INFO 15780 --- [           main] c.e.demo.seeder.EmailTemplateSeeder      : Plantilla de recuperación creada exitosamente
2025-10-25T08:08:34.184-05:00  INFO 15780 --- [           main] c.e.demo.seeder.EmailTemplateSeeder      : Plantilla de notificación creada exitosamente
2025-10-25T08:08:34.184-05:00  INFO 15780 --- [           main] c.e.demo.seeder.EmailTemplateSeeder      : Seeding completado. Plantillas activas: 3 
]]></system-out>
  </testcase>
  <testcase name="recoveryTemplate_ShouldProcessWithToken" classname="com.example.demo.integration.EmailTemplateSystemIntegrationTest" time="0.015">
    <system-out><![CDATA[2025-10-25T08:08:34.195-05:00  INFO 15780 --- [           main] c.e.demo.seeder.EmailTemplateSeeder      : Plantilla de bienvenida creada exitosamente
2025-10-25T08:08:34.195-05:00  INFO 15780 --- [           main] c.e.demo.seeder.EmailTemplateSeeder      : Plantilla de recuperación creada exitosamente
2025-10-25T08:08:34.195-05:00  INFO 15780 --- [           main] c.e.demo.seeder.EmailTemplateSeeder      : Plantilla de notificación creada exitosamente
2025-10-25T08:08:34.195-05:00  INFO 15780 --- [           main] c.e.demo.seeder.EmailTemplateSeeder      : Seeding completado. Plantillas activas: 3 
]]></system-out>
  </testcase>
  <testcase name="templates_ShouldContainAdoptaFacilBranding" classname="com.example.demo.integration.EmailTemplateSystemIntegrationTest" time="0.009">
    <system-out><![CDATA[2025-10-25T08:08:34.206-05:00  INFO 15780 --- [           main] c.e.demo.seeder.EmailTemplateSeeder      : Plantilla de bienvenida creada exitosamente
2025-10-25T08:08:34.208-05:00  INFO 15780 --- [           main] c.e.demo.seeder.EmailTemplateSeeder      : Plantilla de recuperación creada exitosamente
2025-10-25T08:08:34.208-05:00  INFO 15780 --- [           main] c.e.demo.seeder.EmailTemplateSeeder      : Plantilla de notificación creada exitosamente
2025-10-25T08:08:34.208-05:00  INFO 15780 --- [           main] c.e.demo.seeder.EmailTemplateSeeder      : Seeding completado. Plantillas activas: 3 
]]></system-out>
  </testcase>
  <testcase name="templateProcessing_ShouldHandleMissingPlaceholders" classname="com.example.demo.integration.EmailTemplateSystemIntegrationTest" time="0.0">
    <system-out><![CDATA[2025-10-25T08:08:34.208-05:00  INFO 15780 --- [           main] c.e.demo.seeder.EmailTemplateSeeder      : Plantilla de bienvenida creada exitosamente
2025-10-25T08:08:34.208-05:00  INFO 15780 --- [           main] c.e.demo.seeder.EmailTemplateSeeder      : Plantilla de recuperación creada exitosamente
2025-10-25T08:08:34.208-05:00  INFO 15780 --- [           main] c.e.demo.seeder.EmailTemplateSeeder      : Plantilla de notificación creada exitosamente
2025-10-25T08:08:34.208-05:00  INFO 15780 --- [           main] c.e.demo.seeder.EmailTemplateSeeder      : Seeding completado. Plantillas activas: 3 
]]></system-out>
  </testcase>
  <testcase name="templateDeactivation_ShouldWorkCorrectly" classname="com.example.demo.integration.EmailTemplateSystemIntegrationTest" time="0.026">
    <system-out><![CDATA[2025-10-25T08:08:34.229-05:00  INFO 15780 --- [           main] c.e.demo.seeder.EmailTemplateSeeder      : Plantilla de bienvenida creada exitosamente
2025-10-25T08:08:34.229-05:00  INFO 15780 --- [           main] c.e.demo.seeder.EmailTemplateSeeder      : Plantilla de recuperación creada exitosamente
2025-10-25T08:08:34.229-05:00  INFO 15780 --- [           main] c.e.demo.seeder.EmailTemplateSeeder      : Plantilla de notificación creada exitosamente
2025-10-25T08:08:34.229-05:00  INFO 15780 --- [           main] c.e.demo.seeder.EmailTemplateSeeder      : Seeding completado. Plantillas activas: 3 
]]></system-out>
  </testcase>
</testsuite>